<?xml version="1.0" encoding="UTF-8"?>
<!-- Generated by org.testng.reporters.JUnitReportReporter -->
<testsuite hostname="DESKTOP-06G479U" failures="0" tests="1" name="myCompanyA.TestCaseSeven" time="13.096" errors="0" timestamp="2023-10-23T15:27:41 EDT" skipped="0">
  <testcase classname="myCompanyA.TestCaseSeven" name="handleAlertsAndPopUps" time="13.096"/>
  <system-out/>
</testsuite> <!-- myCompanyA.TestCaseSeven -->
