<?xml version="1.0" encoding="UTF-8"?>
<!-- Generated by org.testng.reporters.JUnitReportReporter -->
<testsuite hostname="DESKTOP-06G479U" failures="0" tests="1" name="myCompanyA.TestCaseThree" time="18.227" errors="0" timestamp="2023-10-23T15:40:46 EDT" skipped="0">
  <testcase classname="myCompanyA.TestCaseThree" name="scrollDownAction" time="18.227"/>
  <system-out/>
</testsuite> <!-- myCompanyA.TestCaseThree -->
