<?xml version="1.0" encoding="UTF-8"?>
<!-- Generated by org.testng.reporters.JUnitReportReporter -->
<testsuite hostname="DESKTOP-06G479U" failures="0" tests="8" name="myCompanyA.TestNGbasics" time="-1698538112.000" errors="1" timestamp="2023-10-28T20:07:01 EDT" skipped="7">
  <testcase classname="myCompanyA.TestNGbasics" name="BeforeMethodExecution" time="-1698538112.000">
    <error message="
Parameter &#039;URL&#039; is required by BeforeMethod on method BeforeMethodExecution but has not been marked @Optional or defined
in C:\Users\msann\AppData\Local\Temp\testng-eclipse-1319912955\testng-customsuite.xml" type="org.testng.TestNGException">
      <![CDATA[org.testng.TestNGException: 
Parameter 'URL' is required by BeforeMethod on method BeforeMethodExecution but has not been marked @Optional or defined
in C:\Users\msann\AppData\Local\Temp\testng-eclipse-1319912955\testng-customsuite.xml
at org.testng.internal.Parameters.createParams(Parameters.java:267)
at org.testng.internal.Parameters.createParametersForMethod(Parameters.java:355)
at org.testng.internal.Parameters.createParameters(Parameters.java:684)
at org.testng.internal.Parameters.createConfigurationParameters(Parameters.java:166)
at org.testng.internal.invokers.ConfigInvoker.invokeConfigurations(ConfigInvoker.java:277)
at org.testng.internal.invokers.TestInvoker.runConfigMethods(TestInvoker.java:823)
at org.testng.internal.invokers.TestInvoker.invokeMethod(TestInvoker.java:590)
at org.testng.internal.invokers.TestInvoker.invokeTestMethod(TestInvoker.java:221)
at org.testng.internal.invokers.MethodRunner.runInSequence(MethodRunner.java:50)
at org.testng.internal.invokers.TestInvoker$MethodInvocationAgent.invoke(TestInvoker.java:969)
at org.testng.internal.invokers.TestInvoker.invokeTestMethods(TestInvoker.java:194)
at org.testng.internal.invokers.TestMethodWorker.invokeTestMethods(TestMethodWorker.java:148)
at org.testng.internal.invokers.TestMethodWorker.run(TestMethodWorker.java:128)
at java.base/java.util.ArrayList.forEach(ArrayList.java:1511)
at org.testng.TestRunner.privateRun(TestRunner.java:829)
at org.testng.TestRunner.run(TestRunner.java:602)
at org.testng.SuiteRunner.runTest(SuiteRunner.java:437)
at org.testng.SuiteRunner.runSequentially(SuiteRunner.java:431)
at org.testng.SuiteRunner.privateRun(SuiteRunner.java:391)
at org.testng.SuiteRunner.run(SuiteRunner.java:330)
at org.testng.SuiteRunnerWorker.runSuite(SuiteRunnerWorker.java:52)
at org.testng.SuiteRunnerWorker.run(SuiteRunnerWorker.java:95)
at org.testng.TestNG.runSuitesSequentially(TestNG.java:1256)
at org.testng.TestNG.runSuitesLocally(TestNG.java:1176)
at org.testng.TestNG.runSuites(TestNG.java:1099)
at org.testng.TestNG.run(TestNG.java:1067)
at org.testng.remote.AbstractRemoteTestNG.run(AbstractRemoteTestNG.java:115)
at org.testng.remote.RemoteTestNG.initAndRun(RemoteTestNG.java:251)
at org.testng.remote.RemoteTestNG.main(RemoteTestNG.java:77)
]]>
    </error>
  </testcase> <!-- BeforeMethodExecution -->
  <system-out/>
  <testcase classname="myCompanyA.TestNGbasics" name="FirstTestCase" time="0.000">
    <skipped/>
  </testcase> <!-- FirstTestCase -->
  <system-out/>
  <testcase classname="myCompanyA.TestNGbasics" name="FirstTestCase" time="0.000">
    <skipped/>
  </testcase> <!-- FirstTestCase -->
  <system-out/>
  <testcase classname="myCompanyA.TestNGbasics" name="SecondTestCase" time="0.000">
    <skipped/>
  </testcase> <!-- SecondTestCase -->
  <system-out/>
  <testcase classname="myCompanyA.TestNGbasics" name="ThirdTestCase" time="0.000">
    <skipped/>
  </testcase> <!-- ThirdTestCase -->
  <system-out/>
  <testcase classname="myCompanyA.TestNGbasics" name="ThirdTestCase" time="0.000">
    <skipped/>
  </testcase> <!-- ThirdTestCase -->
  <system-out/>
  <testcase classname="myCompanyA.TestNGbasics" name="ThirdTestCase" time="0.000">
    <skipped/>
  </testcase> <!-- ThirdTestCase -->
  <system-out/>
  <testcase classname="myCompanyA.TestNGbasics" name="ThirdTestCase" time="0.000">
    <skipped/>
  </testcase> <!-- ThirdTestCase -->
  <system-out/>
</testsuite> <!-- myCompanyA.TestNGbasics -->
