<?xml version="1.0" encoding="UTF-8"?>
<!-- Generated by org.testng.reporters.JUnitReportReporter -->
<testsuite hostname="DESKTOP-06G479U" failures="0" tests="1" name="myCompanyA.TestCaseSix" time="5.669" errors="0" timestamp="2023-10-23T15:19:15 EDT" skipped="0">
  <testcase classname="myCompanyA.TestCaseSix" name="mouseOverAction" time="5.669"/>
  <system-out/>
</testsuite> <!-- myCompanyA.TestCaseSix -->
