<?xml version="1.0" encoding="UTF-8"?>
<!-- Generated by org.testng.reporters.JUnitReportReporter -->
<testsuite hostname="DESKTOP-06G479U" failures="0" tests="1" name="myCompanyA.TestCaseFour" time="12.736" errors="0" timestamp="2023-10-23T15:20:02 EDT" skipped="0">
  <testcase classname="myCompanyA.TestCaseFour" name="dragAndDrop" time="12.736"/>
  <system-out/>
</testsuite> <!-- myCompanyA.TestCaseFour -->
