<?xml version="1.0" encoding="UTF-8"?>
<!-- Generated by org.testng.reporters.JUnitReportReporter -->
<testsuite hostname="DESKTOP-06G479U" failures="0" tests="1" name="myCompanyA.TeastCaseFive" time="5.436" errors="0" timestamp="2023-10-28T20:09:27 EDT" skipped="0">
  <testcase classname="myCompanyA.TeastCaseFive" name="handleFrames" time="5.436"/>
  <system-out/>
</testsuite> <!-- myCompanyA.TeastCaseFive -->
