<?xml version="1.0" encoding="UTF-8"?>
<!-- Generated by org.testng.reporters.JUnitReportReporter -->
<testsuite hostname="DESKTOP-06G479U" failures="0" tests="1" name="myCompanyA.TestCaseTwo" time="65.249" errors="0" timestamp="2023-10-19T16:21:43 EDT" skipped="0">
  <testcase classname="myCompanyA.TestCaseTwo" name="interactWithWebElements" time="65.249"/>
  <system-out/>
</testsuite> <!-- myCompanyA.TestCaseTwo -->
